# JRE version: OpenJDK Runtime Environment (8.0_112-b06) (build 1.8.0_112-release-b06)
# Java VM: OpenJDK 64-Bit Server VM (25.112-b06 mixed mode linux-amd64 compressed oops)
Heap:
 PSYoungGen      total 174592K, used 14325K [0x00000000e0000000, 0x00000000ec680000, 0x0000000100000000)
  eden space 160256K, 0% used [0x00000000e0000000,0x00000000e0000000,0x00000000e9c80000)
  from space 14336K, 99% used [0x00000000e9c80000,0x00000000eaa7d7e0,0x00000000eaa80000)
  to   space 14848K, 0% used [0x00000000eaa80000,0x00000000eaa80000,0x00000000eb900000)
 ParOldGen       total 67072K, used 44717K [0x00000000a0000000, 0x00000000a4180000, 0x00000000e0000000)
  object space 67072K, 66% used [0x00000000a0000000,0x00000000a2bab5f0,0x00000000a4180000)
 Metaspace       used 64688K, capacity 66846K, committed 66992K, reserved 1107968K
  class space    used 8328K, capacity 8754K, committed 8880K, reserved 1048576K
GC Heap History (10 events):
Event: 192.375 GC heap after
Heap after GC invocations=21 (full 3):
 PSYoungGen      total 128512K, used 6877K [0x00000000e0000000, 0x00000000e8a00000, 0x0000000100000000)
  eden space 115200K, 0% used [0x00000000e0000000,0x00000000e0000000,0x00000000e7080000)
  from space 13312K, 51% used [0x00000000e7d00000,0x00000000e83b7730,0x00000000e8a00000)
  to   space 12800K, 0% used [0x00000000e7080000,0x00000000e7080000,0x00000000e7d00000)
 ParOldGen       total 67072K, used 33459K [0x00000000a0000000, 0x00000000a4180000, 0x00000000e0000000)
  object space 67072K, 49% used [0x00000000a0000000,0x00000000a20acf10,0x00000000a4180000)
 Metaspace       used 58761K, capacity 60544K, committed 60720K, reserved 1101824K
  class space    used 7784K, capacity 8157K, committed 8240K, reserved 1048576K
}
Event: 208.828 GC heap before
{Heap before GC invocations=22 (full 3):
 PSYoungGen      total 128512K, used 122077K [0x00000000e0000000, 0x00000000e8a00000, 0x0000000100000000)
  eden space 115200K, 100% used [0x00000000e0000000,0x00000000e7080000,0x00000000e7080000)
  from space 13312K, 51% used [0x00000000e7d00000,0x00000000e83b7730,0x00000000e8a00000)
  to   space 12800K, 0% used [0x00000000e7080000,0x00000000e7080000,0x00000000e7d00000)
 ParOldGen       total 67072K, used 33459K [0x00000000a0000000, 0x00000000a4180000, 0x00000000e0000000)
  object space 67072K, 49% used [0x00000000a0000000,0x00000000a20acf10,0x00000000a4180000)
 Metaspace       used 59624K, capacity 61488K, committed 61744K, reserved 1103872K
  class space    used 7800K, capacity 8201K, committed 8240K, reserved 1048576K
Event: 209.361 GC heap after
Heap after GC invocations=22 (full 3):
 PSYoungGen      total 128000K, used 8108K [0x00000000e0000000, 0x00000000e9f80000, 0x0000000100000000)
  eden space 115200K, 0% used [0x00000000e0000000,0x00000000e0000000,0x00000000e7080000)
  from space 12800K, 63% used [0x00000000e7080000,0x00000000e786b0c0,0x00000000e7d00000)
  to   space 13312K, 0% used [0x00000000e9280000,0x00000000e9280000,0x00000000e9f80000)
 ParOldGen       total 67072K, used 33467K [0x00000000a0000000, 0x00000000a4180000, 0x00000000e0000000)
  object space 67072K, 49% used [0x00000000a0000000,0x00000000a20aef10,0x00000000a4180000)
 Metaspace       used 59624K, capacity 61488K, committed 61744K, reserved 1103872K
  class space    used 7800K, capacity 8201K, committed 8240K, reserved 1048576K
}
Event: 217.997 GC heap before
{Heap before GC invocations=23 (full 3):
 PSYoungGen      total 128000K, used 123308K [0x00000000e0000000, 0x00000000e9f80000, 0x0000000100000000)
  eden space 115200K, 100% used [0x00000000e0000000,0x00000000e7080000,0x00000000e7080000)
  from space 12800K, 63% used [0x00000000e7080000,0x00000000e786b0c0,0x00000000e7d00000)
  to   space 13312K, 0% used [0x00000000e9280000,0x00000000e9280000,0x00000000e9f80000)
 ParOldGen       total 67072K, used 33467K [0x00000000a0000000, 0x00000000a4180000, 0x00000000e0000000)
  object space 67072K, 49% used [0x00000000a0000000,0x00000000a20aef10,0x00000000a4180000)
 Metaspace       used 60122K, capacity 62038K, committed 62256K, reserved 1103872K
  class space    used 7833K, capacity 8234K, committed 8240K, reserved 1048576K
Event: 218.051 GC heap after
Heap after GC invocations=23 (full 3):
 PSYoungGen      total 147968K, used 13299K [0x00000000e0000000, 0x00000000ea180000, 0x0000000100000000)
  eden space 134656K, 0% used [0x00000000e0000000,0x00000000e0000000,0x00000000e8380000)
  from space 13312K, 99% used [0x00000000e9280000,0x00000000e9f7cf00,0x00000000e9f80000)
  to   space 15360K, 0% used [0x00000000e8380000,0x00000000e8380000,0x00000000e9280000)
 ParOldGen       total 67072K, used 33723K [0x00000000a0000000, 0x00000000a4180000, 0x00000000e0000000)
  object space 67072K, 50% used [0x00000000a0000000,0x00000000a20eef10,0x00000000a4180000)
 Metaspace       used 60122K, capacity 62038K, committed 62256K, reserved 1103872K
  class space    used 7833K, capacity 8234K, committed 8240K, reserved 1048576K
}
Event: 220.179 GC heap before
{Heap before GC invocations=24 (full 3):
 PSYoungGen      total 147968K, used 147880K [0x00000000e0000000, 0x00000000ea180000, 0x0000000100000000)
  eden space 134656K, 99% used [0x00000000e0000000,0x00000000e836d448,0x00000000e8380000)
  from space 13312K, 99% used [0x00000000e9280000,0x00000000e9f7cf00,0x00000000e9f80000)
  to   space 15360K, 0% used [0x00000000e8380000,0x00000000e8380000,0x00000000e9280000)
 ParOldGen       total 67072K, used 33723K [0x00000000a0000000, 0x00000000a4180000, 0x00000000e0000000)
  object space 67072K, 50% used [0x00000000a0000000,0x00000000a20eef10,0x00000000a4180000)
 Metaspace       used 61106K, capacity 63134K, committed 63280K, reserved 1103872K
  class space    used 7978K, capacity 8394K, committed 8496K, reserved 1048576K
Event: 220.239 GC heap after
Heap after GC invocations=24 (full 3):
 PSYoungGen      total 150016K, used 7849K [0x00000000e0000000, 0x00000000eb900000, 0x0000000100000000)
  eden space 134656K, 0% used [0x00000000e0000000,0x00000000e0000000,0x00000000e8380000)
  from space 15360K, 51% used [0x00000000e8380000,0x00000000e8b2a678,0x00000000e9280000)
  to   space 14848K, 0% used [0x00000000eaa80000,0x00000000eaa80000,0x00000000eb900000)
 ParOldGen       total 67072K, used 38667K [0x00000000a0000000, 0x00000000a4180000, 0x00000000e0000000)
  object space 67072K, 57% used [0x00000000a0000000,0x00000000a25c2ee8,0x00000000a4180000)
 Metaspace       used 61106K, capacity 63134K, committed 63280K, reserved 1103872K
  class space    used 7978K, capacity 8394K, committed 8496K, reserved 1048576K
}
Event: 220.357 GC heap before
{Heap before GC invocations=25 (full 3):
 PSYoungGen      total 150016K, used 141712K [0x00000000e0000000, 0x00000000eb900000, 0x0000000100000000)
  eden space 134656K, 99% used [0x00000000e0000000,0x00000000e82b9a80,0x00000000e8380000)
  from space 15360K, 51% used [0x00000000e8380000,0x00000000e8b2a678,0x00000000e9280000)
  to   space 14848K, 0% used [0x00000000eaa80000,0x00000000eaa80000,0x00000000eb900000)
 ParOldGen       total 67072K, used 38667K [0x00000000a0000000, 0x00000000a4180000, 0x00000000e0000000)
  object space 67072K, 57% used [0x00000000a0000000,0x00000000a25c2ee8,0x00000000a4180000)
 Metaspace       used 61110K, capacity 63134K, committed 63280K, reserved 1103872K
  class space    used 7978K, capacity 8394K, committed 8496K, reserved 1048576K
Event: 220.383 GC heap after
Heap after GC invocations=25 (full 3):
 PSYoungGen      total 175104K, used 6176K [0x00000000e0000000, 0x00000000ec680000, 0x0000000100000000)
  eden space 160256K, 0% used [0x00000000e0000000,0x00000000e0000000,0x00000000e9c80000)
  from space 14848K, 41% used [0x00000000eaa80000,0x00000000eb088000,0x00000000eb900000)
  to   space 14336K, 0% used [0x00000000e9c80000,0x00000000e9c80000,0x00000000eaa80000)
 ParOldGen       total 67072K, used 38675K [0x00000000a0000000, 0x00000000a4180000, 0x00000000e0000000)
  object space 67072K, 57% used [0x00000000a0000000,0x00000000a25c4ee8,0x00000000a4180000)
 Metaspace       used 61110K, capacity 63134K, committed 63280K, reserved 1103872K
  class space    used 7978K, capacity 8394K, committed 8496K, reserved 1048576K
}
Event: 227.938 GC heap before
{Heap before GC invocations=26 (full 3):
 PSYoungGen      total 175104K, used 166432K [0x00000000e0000000, 0x00000000ec680000, 0x0000000100000000)
  eden space 160256K, 100% used [0x00000000e0000000,0x00000000e9c80000,0x00000000e9c80000)
  from space 14848K, 41% used [0x00000000eaa80000,0x00000000eb088000,0x00000000eb900000)
  to   space 14336K, 0% used [0x00000000e9c80000,0x00000000e9c80000,0x00000000eaa80000)
 ParOldGen       total 67072K, used 38675K [0x00000000a0000000, 0x00000000a4180000, 0x00000000e0000000)
  object space 67072K, 57% used [0x00000000a0000000,0x00000000a25c4ee8,0x00000000a4180000)
 Metaspace       used 64688K, capacity 66846K, committed 66992K, reserved 1107968K
  class space    used 8328K, capacity 8754K, committed 8880K, reserved 1048576K

